0 info it worked if it ends with ok
1 verbose cli [ 'c:\\Program Files\\nodejs\\node.exe',
1 verbose cli   'c:\\Program Files\\nodejs\\node_modules\\npm\\bin\\npm-cli.js',
1 verbose cli   'install',
1 verbose cli   '-g',
1 verbose cli   'n' ]
2 info using npm@2.15.9
3 info using node@v4.6.1
4 verbose install initial load of C:\Users\Krishna Prahasith\AppData\Roaming\npm\package.json
5 verbose readDependencies loading dependencies from C:\Users\Krishna Prahasith\AppData\Roaming\npm\package.json
6 silly cache add args [ 'n', null ]
7 verbose cache add spec n
8 silly cache add parsed spec Result {
8 silly cache add   raw: 'n',
8 silly cache add   scope: null,
8 silly cache add   name: 'n',
8 silly cache add   rawSpec: '',
8 silly cache add   spec: 'latest',
8 silly cache add   type: 'tag' }
9 silly addNamed n@latest
10 verbose addNamed "latest" is being treated as a dist-tag for n
11 info addNameTag [ 'n', 'latest' ]
12 silly mapToRegistry name n
13 silly mapToRegistry using default registry
14 silly mapToRegistry registry https://registry.npmjs.org/
15 silly mapToRegistry data Result {
15 silly mapToRegistry   raw: 'n',
15 silly mapToRegistry   scope: null,
15 silly mapToRegistry   name: 'n',
15 silly mapToRegistry   rawSpec: '',
15 silly mapToRegistry   spec: 'latest',
15 silly mapToRegistry   type: 'tag' }
16 silly mapToRegistry uri https://registry.npmjs.org/n
17 verbose addNameTag registry:https://registry.npmjs.org/n not in flight; fetching
18 verbose request uri https://registry.npmjs.org/n
19 verbose request no auth needed
20 info attempt registry request try #1 at 1:32:35 PM
21 verbose request id ad714c7b2b5c5ac1
22 verbose etag "5865a8e4-fa0e"
23 http request GET https://registry.npmjs.org/n
24 http 200 https://registry.npmjs.org/n
25 verbose headers { server: 'nginx/1.10.1',
25 verbose headers   'content-type': 'application/json',
25 verbose headers   'last-modified': 'Fri, 04 Aug 2017 09:54:49 GMT',
25 verbose headers   etag: 'W/"59844469-116c0"',
25 verbose headers   'content-encoding': 'gzip',
25 verbose headers   'cache-control': 'max-age=300',
25 verbose headers   'content-length': '11789',
25 verbose headers   'accept-ranges': 'bytes',
25 verbose headers   date: 'Sun, 13 Aug 2017 04:32:37 GMT',
25 verbose headers   via: '1.1 varnish',
25 verbose headers   age: '290',
25 verbose headers   connection: 'keep-alive',
25 verbose headers   'x-served-by': 'cache-nrt6124-NRT',
25 verbose headers   'x-cache': 'HIT',
25 verbose headers   'x-cache-hits': '2',
25 verbose headers   'x-timer': 'S1502598757.246318,VS0,VE0',
25 verbose headers   vary: 'Accept-Encoding, Accept' }
26 silly get cb [ 200,
26 silly get   { server: 'nginx/1.10.1',
26 silly get     'content-type': 'application/json',
26 silly get     'last-modified': 'Fri, 04 Aug 2017 09:54:49 GMT',
26 silly get     etag: 'W/"59844469-116c0"',
26 silly get     'content-encoding': 'gzip',
26 silly get     'cache-control': 'max-age=300',
26 silly get     'content-length': '11789',
26 silly get     'accept-ranges': 'bytes',
26 silly get     date: 'Sun, 13 Aug 2017 04:32:37 GMT',
26 silly get     via: '1.1 varnish',
26 silly get     age: '290',
26 silly get     connection: 'keep-alive',
26 silly get     'x-served-by': 'cache-nrt6124-NRT',
26 silly get     'x-cache': 'HIT',
26 silly get     'x-cache-hits': '2',
26 silly get     'x-timer': 'S1502598757.246318,VS0,VE0',
26 silly get     vary: 'Accept-Encoding, Accept' } ]
27 verbose get saving n to C:\Users\Krishna Prahasith\AppData\Roaming\npm-cache\registry.npmjs.org\n\.cache.json
28 verbose correctMkdir C:\Users\Krishna Prahasith\AppData\Roaming\npm-cache correctMkdir not in flight; initializing
29 silly addNameTag next cb for n with tag latest
30 silly addNamed n@2.1.8
31 verbose addNamed "2.1.8" is a plain semver version for n
32 silly mapToRegistry name n
33 silly mapToRegistry using default registry
34 silly mapToRegistry registry https://registry.npmjs.org/
35 silly mapToRegistry data Result {
35 silly mapToRegistry   raw: 'n',
35 silly mapToRegistry   scope: null,
35 silly mapToRegistry   name: 'n',
35 silly mapToRegistry   rawSpec: '',
35 silly mapToRegistry   spec: 'latest',
35 silly mapToRegistry   type: 'tag' }
36 silly mapToRegistry uri https://registry.npmjs.org/n
37 verbose addRemoteTarball https://registry.npmjs.org/n/-/n-2.1.8.tgz not in flight; adding
38 verbose addRemoteTarball [ 'https://registry.npmjs.org/n/-/n-2.1.8.tgz',
38 verbose addRemoteTarball   '9b770f6ae0a93c49c64fb614625a63cc5a22d1fd' ]
39 info retry fetch attempt 1 at 1:32:35 PM
40 info attempt registry request try #1 at 1:32:35 PM
41 http fetch GET https://registry.npmjs.org/n/-/n-2.1.8.tgz
42 http fetch 200 https://registry.npmjs.org/n/-/n-2.1.8.tgz
43 silly fetchAndShaCheck shasum 9b770f6ae0a93c49c64fb614625a63cc5a22d1fd
44 verbose addTmpTarball C:\Users\KRISHN~1\AppData\Local\Temp\npm-5220-eab4ed4e\registry.npmjs.org\n\-\n-2.1.8.tgz not in flight; adding
45 verbose addTmpTarball already have metadata; skipping unpack for n@2.1.8
46 verbose correctMkdir C:\Users\Krishna Prahasith\AppData\Roaming\npm-cache correctMkdir not in flight; initializing
47 silly cache afterAdd n@2.1.8
48 verbose afterAdd C:\Users\Krishna Prahasith\AppData\Roaming\npm-cache\n\2.1.8\package\package.json not in flight; writing
49 verbose correctMkdir C:\Users\Krishna Prahasith\AppData\Roaming\npm-cache correctMkdir not in flight; initializing
50 verbose afterAdd C:\Users\Krishna Prahasith\AppData\Roaming\npm-cache\n\2.1.8\package\package.json written
51 silly install resolved [ { name: 'n',
51 silly install resolved     description: 'Interactively Manage All Your Node Versions',
51 silly install resolved     version: '2.1.8',
51 silly install resolved     author: { name: 'TJ Holowaychuk', email: 'tj@vision-media.ca' },
51 silly install resolved     homepage: 'https://github.com/tj/n',
51 silly install resolved     bugs: { url: 'https://github.com/tj/n/issues' },
51 silly install resolved     contributors: [ [Object], [Object], [Object] ],
51 silly install resolved     keywords:
51 silly install resolved      [ 'nvm',
51 silly install resolved        'node',
51 silly install resolved        'version',
51 silly install resolved        'manager',
51 silly install resolved        'switcher',
51 silly install resolved        'node',
51 silly install resolved        'binary',
51 silly install resolved        'env' ],
51 silly install resolved     bin: { n: './bin/n' },
51 silly install resolved     repository: { type: 'git', url: 'git://github.com/tj/n.git' },
51 silly install resolved     preferGlobal: true,
51 silly install resolved     os: [ '!win32' ],
51 silly install resolved     engines: { node: '*' },
51 silly install resolved     license: 'MIT',
51 silly install resolved     gitHead: '14ab6ff01f3b673e2e29f465a00e0b29643bb8d9',
51 silly install resolved     _id: 'n@2.1.8',
51 silly install resolved     _npmVersion: '5.0.3',
51 silly install resolved     _nodeVersion: '8.1.2',
51 silly install resolved     _npmUser: { name: 'troy0820', email: 'troy0820@gmail.com' },
51 silly install resolved     dist:
51 silly install resolved      { integrity: 'sha512-VN3To6jBHSdTHmv+fT00V1nBdj3MWdcOlEKBEaUtXKRqQhuN289B9Jym9P/L3rXfafAsapmh4Fcr/DUR8DGJVg==',
51 silly install resolved        shasum: '9b770f6ae0a93c49c64fb614625a63cc5a22d1fd',
51 silly install resolved        tarball: 'https://registry.npmjs.org/n/-/n-2.1.8.tgz' },
51 silly install resolved     maintainers: [ [Object], [Object], [Object], [Object], [Object], [Object] ],
51 silly install resolved     _npmOperationalInternal:
51 silly install resolved      { host: 's3://npm-registry-packages',
51 silly install resolved        tmp: 'tmp/n-2.1.8.tgz_1498880450388_0.9696143395267427' },
51 silly install resolved     directories: {},
51 silly install resolved     _shasum: '9b770f6ae0a93c49c64fb614625a63cc5a22d1fd',
51 silly install resolved     _resolved: 'https://registry.npmjs.org/n/-/n-2.1.8.tgz',
51 silly install resolved     _from: 'n@latest' } ]
52 info install n@2.1.8 into C:\Users\Krishna Prahasith\AppData\Roaming\npm
53 info installOne n@2.1.8
54 verbose installOne of n to C:\Users\Krishna Prahasith\AppData\Roaming\npm not in flight; installing
55 verbose correctMkdir C:\Users\Krishna Prahasith\AppData\Roaming\npm-cache\_locks correctMkdir not in flight; initializing
56 verbose lock using C:\Users\Krishna Prahasith\AppData\Roaming\npm-cache\_locks\n-0e3ec9c9ed8117d4.lock for C:\Users\Krishna Prahasith\AppData\Roaming\npm\node_modules\n
57 verbose unlock done using C:\Users\Krishna Prahasith\AppData\Roaming\npm-cache\_locks\n-0e3ec9c9ed8117d4.lock for C:\Users\Krishna Prahasith\AppData\Roaming\npm\node_modules\n
58 verbose stack Error: Unsupported
58 verbose stack     at checkPlatform (c:\Program Files\nodejs\node_modules\npm\node_modules\npm-install-checks\index.js:47:14)
58 verbose stack     at Array.<anonymous> (c:\Program Files\nodejs\node_modules\npm\node_modules\slide\lib\bind-actor.js:15:8)
58 verbose stack     at LOOP (c:\Program Files\nodejs\node_modules\npm\node_modules\slide\lib\chain.js:15:14)
58 verbose stack     at c:\Program Files\nodejs\node_modules\npm\node_modules\slide\lib\chain.js:18:7
58 verbose stack     at checkEngine (c:\Program Files\nodejs\node_modules\npm\node_modules\npm-install-checks\index.js:26:10)
58 verbose stack     at Array.<anonymous> (c:\Program Files\nodejs\node_modules\npm\node_modules\slide\lib\bind-actor.js:15:8)
58 verbose stack     at LOOP (c:\Program Files\nodejs\node_modules\npm\node_modules\slide\lib\chain.js:15:14)
58 verbose stack     at chain (c:\Program Files\nodejs\node_modules\npm\node_modules\slide\lib\chain.js:20:5)
58 verbose stack     at c:\Program Files\nodejs\node_modules\npm\lib\install.js:1038:5
58 verbose stack     at c:\Program Files\nodejs\node_modules\npm\lib\utils\locker.js:39:7
59 verbose pkgid n@2.1.8
60 verbose cwd d:\FastJapan\tabiko\Resources\express-REST-API
61 error Windows_NT 10.0.14393
62 error argv "c:\\Program Files\\nodejs\\node.exe" "c:\\Program Files\\nodejs\\node_modules\\npm\\bin\\npm-cli.js" "install" "-g" "n"
63 error node v4.6.1
64 error npm  v2.15.9
65 error code EBADPLATFORM
66 error notsup Unsupported
66 error notsup Not compatible with your operating system or architecture: n@2.1.8
66 error notsup Valid OS:    !win32
66 error notsup Valid Arch:  any
66 error notsup Actual OS:   win32
66 error notsup Actual Arch: x64
67 verbose exit [ 1, true ]
